{"/home/travis/build/npmtest/node-npmtest-object-path/test.js":{"path":"/home/travis/build/npmtest/node-npmtest-object-path/test.js","s":{"1":2,"2":2,"3":2,"4":2,"5":2,"6":2,"7":2,"8":1,"9":2,"10":2,"11":1,"12":1,"13":1,"14":1,"15":2,"16":2,"17":2,"18":2,"19":1,"20":1,"21":2,"22":2,"23":2,"24":1,"25":1,"26":1,"27":1,"28":1,"29":1,"30":1,"31":1,"32":1,"33":1,"34":1,"35":1,"36":1,"37":1,"38":1,"39":2,"40":2,"41":1,"42":2,"43":2,"44":1,"45":2,"46":2,"47":1,"48":2,"49":2,"50":1,"51":1,"52":1,"53":1,"54":1},"b":{"1":[2,1,1,1],"2":[1,1,1,1],"3":[1,1],"4":[1,1],"5":[1,1],"6":[1,1],"7":[1,1],"8":[1,1],"9":[1,1],"10":[1,1,1],"11":[1,1],"12":[1,1],"13":[1,1],"14":[1,1],"15":[1,1],"16":[1,1],"17":[1,1]},"f":{"1":2,"2":2,"3":2,"4":2,"5":2,"6":1,"7":1,"8":1,"9":2,"10":2,"11":2,"12":2,"13":1},"fnMap":{"1":{"name":"(anonymous_1)","line":12,"loc":{"start":{"line":12,"column":1},"end":{"line":12,"column":13}}},"2":{"name":"(anonymous_2)","line":19,"loc":{"start":{"line":19,"column":5},"end":{"line":19,"column":17}}},"3":{"name":"(anonymous_3)","line":23,"loc":{"start":{"line":23,"column":24},"end":{"line":23,"column":36}}},"4":{"name":"(anonymous_4)","line":61,"loc":{"start":{"line":61,"column":5},"end":{"line":61,"column":17}}},"5":{"name":"(anonymous_5)","line":82,"loc":{"start":{"line":82,"column":5},"end":{"line":82,"column":17}}},"6":{"name":"(anonymous_6)","line":91,"loc":{"start":{"line":91,"column":77},"end":{"line":94,"column":10}}},"7":{"name":"(anonymous_7)","line":112,"loc":{"start":{"line":112,"column":83},"end":{"line":115,"column":10}},"skip":true},"8":{"name":"(anonymous_8)","line":123,"loc":{"start":{"line":123,"column":77},"end":{"line":126,"column":10}},"skip":true},"9":{"name":"(anonymous_9)","line":139,"loc":{"start":{"line":139,"column":12},"end":{"line":139,"column":40}},"skip":true},"10":{"name":"(anonymous_10)","line":147,"loc":{"start":{"line":147,"column":77},"end":{"line":150,"column":10}},"skip":true},"11":{"name":"(anonymous_11)","line":158,"loc":{"start":{"line":158,"column":83},"end":{"line":161,"column":10}},"skip":true},"12":{"name":"(anonymous_12)","line":169,"loc":{"start":{"line":169,"column":79},"end":{"line":172,"column":10}},"skip":true},"13":{"name":"(anonymous_13)","line":180,"loc":{"start":{"line":180,"column":75},"end":{"line":183,"column":10}},"skip":true}},"statementMap":{"1":{"start":{"line":12,"column":0},"end":{"line":195,"column":5}},"2":{"start":{"line":14,"column":4},"end":{"line":14,"column":14}},"3":{"start":{"line":19,"column":4},"end":{"line":56,"column":9}},"4":{"start":{"line":21,"column":8},"end":{"line":21,"column":19}},"5":{"start":{"line":23,"column":8},"end":{"line":35,"column":13}},"6":{"start":{"line":24,"column":12},"end":{"line":34,"column":13}},"7":{"start":{"line":25,"column":16},"end":{"line":28,"column":30}},"8":{"start":{"line":30,"column":16},"end":{"line":33,"column":27}},"9":{"start":{"line":37,"column":8},"end":{"line":39,"column":21}},"10":{"start":{"line":40,"column":8},"end":{"line":53,"column":9}},"11":{"start":{"line":43,"column":12},"end":{"line":46,"column":14}},"12":{"start":{"line":47,"column":12},"end":{"line":47,"column":18}},"13":{"start":{"line":50,"column":12},"end":{"line":51,"column":46}},"14":{"start":{"line":52,"column":12},"end":{"line":52,"column":18}},"15":{"start":{"line":55,"column":8},"end":{"line":55,"column":35}},"16":{"start":{"line":61,"column":4},"end":{"line":63,"column":9}},"17":{"start":{"line":62,"column":8},"end":{"line":62,"column":15}},"18":{"start":{"line":64,"column":4},"end":{"line":77,"column":5}},"19":{"start":{"line":70,"column":8},"end":{"line":70,"column":14}},"20":{"start":{"line":76,"column":8},"end":{"line":76,"column":14}},"21":{"start":{"line":82,"column":4},"end":{"line":84,"column":9}},"22":{"start":{"line":83,"column":8},"end":{"line":83,"column":15}},"23":{"start":{"line":85,"column":4},"end":{"line":194,"column":5}},"24":{"start":{"line":91,"column":8},"end":{"line":99,"column":10}},"25":{"start":{"line":98,"column":12},"end":{"line":98,"column":35}},"26":{"start":{"line":102,"column":8},"end":{"line":104,"column":63}},"27":{"start":{"line":105,"column":8},"end":{"line":105,"column":14}},"28":{"start":{"line":112,"column":8},"end":{"line":121,"column":10},"skip":true},"29":{"start":{"line":119,"column":12},"end":{"line":119,"column":55},"skip":true},"30":{"start":{"line":120,"column":12},"end":{"line":120,"column":48},"skip":true},"31":{"start":{"line":123,"column":8},"end":{"line":136,"column":10},"skip":true},"32":{"start":{"line":130,"column":12},"end":{"line":130,"column":76},"skip":true},"33":{"start":{"line":131,"column":12},"end":{"line":131,"column":73},"skip":true},"34":{"start":{"line":132,"column":12},"end":{"line":132,"column":74},"skip":true},"35":{"start":{"line":133,"column":12},"end":{"line":133,"column":79},"skip":true},"36":{"start":{"line":134,"column":12},"end":{"line":134,"column":25},"skip":true},"37":{"start":{"line":135,"column":12},"end":{"line":135,"column":45},"skip":true},"38":{"start":{"line":138,"column":8},"end":{"line":145,"column":14},"skip":true},"39":{"start":{"line":143,"column":16},"end":{"line":143,"column":29},"skip":true},"40":{"start":{"line":144,"column":16},"end":{"line":144,"column":55},"skip":true},"41":{"start":{"line":147,"column":8},"end":{"line":156,"column":10},"skip":true},"42":{"start":{"line":154,"column":12},"end":{"line":154,"column":25},"skip":true},"43":{"start":{"line":155,"column":12},"end":{"line":155,"column":45},"skip":true},"44":{"start":{"line":158,"column":8},"end":{"line":167,"column":10},"skip":true},"45":{"start":{"line":165,"column":12},"end":{"line":165,"column":25},"skip":true},"46":{"start":{"line":166,"column":12},"end":{"line":166,"column":48},"skip":true},"47":{"start":{"line":169,"column":8},"end":{"line":178,"column":10},"skip":true},"48":{"start":{"line":176,"column":12},"end":{"line":176,"column":25},"skip":true},"49":{"start":{"line":177,"column":12},"end":{"line":177,"column":46},"skip":true},"50":{"start":{"line":180,"column":8},"end":{"line":189,"column":10},"skip":true},"51":{"start":{"line":187,"column":12},"end":{"line":187,"column":94},"skip":true},"52":{"start":{"line":188,"column":12},"end":{"line":188,"column":48},"skip":true},"53":{"start":{"line":192,"column":8},"end":{"line":192,"column":35},"skip":true},"54":{"start":{"line":193,"column":8},"end":{"line":193,"column":14},"skip":true}},"branchMap":{"1":{"line":25,"type":"binary-expr","locations":[{"start":{"line":25,"column":23},"end":{"line":25,"column":62}},{"start":{"line":26,"column":20},"end":{"line":26,"column":70}},{"start":{"line":27,"column":20},"end":{"line":27,"column":71}},{"start":{"line":28,"column":20},"end":{"line":28,"column":29}}]},"2":{"line":30,"type":"binary-expr","locations":[{"start":{"line":30,"column":23},"end":{"line":30,"column":37}},{"start":{"line":31,"column":20},"end":{"line":31,"column":61}},{"start":{"line":32,"column":20},"end":{"line":32,"column":70}},{"start":{"line":33,"column":20},"end":{"line":33,"column":26}}]},"3":{"line":37,"type":"cond-expr","locations":[{"start":{"line":38,"column":14},"end":{"line":38,"column":20}},{"start":{"line":39,"column":14},"end":{"line":39,"column":20}}]},"4":{"line":40,"type":"switch","locations":[{"start":{"line":42,"column":8},"end":{"line":47,"column":18}},{"start":{"line":49,"column":8},"end":{"line":52,"column":18}}]},"5":{"line":44,"type":"binary-expr","locations":[{"start":{"line":44,"column":16},"end":{"line":44,"column":44}},{"start":{"line":44,"column":48},"end":{"line":44,"column":66}}]},"6":{"line":50,"type":"binary-expr","locations":[{"start":{"line":50,"column":21},"end":{"line":50,"column":49}},{"start":{"line":50,"column":53},"end":{"line":50,"column":72}}]},"7":{"line":64,"type":"switch","locations":[{"start":{"line":69,"column":4},"end":{"line":70,"column":14}},{"start":{"line":75,"column":4},"end":{"line":76,"column":14}}]},"8":{"line":85,"type":"switch","locations":[{"start":{"line":90,"column":4},"end":{"line":105,"column":14}},{"start":{"line":111,"column":4},"end":{"line":193,"column":14},"skip":true}]},"9":{"line":91,"type":"binary-expr","locations":[{"start":{"line":91,"column":42},"end":{"line":91,"column":73}},{"start":{"line":91,"column":77},"end":{"line":99,"column":9}}]},"10":{"line":102,"type":"binary-expr","locations":[{"start":{"line":102,"column":18},"end":{"line":102,"column":32}},{"start":{"line":103,"column":12},"end":{"line":103,"column":53}},{"start":{"line":104,"column":12},"end":{"line":104,"column":61}}]},"11":{"line":112,"type":"binary-expr","locations":[{"start":{"line":112,"column":45},"end":{"line":112,"column":79},"skip":true},{"start":{"line":112,"column":83},"end":{"line":121,"column":9},"skip":true}]},"12":{"line":123,"type":"binary-expr","locations":[{"start":{"line":123,"column":42},"end":{"line":123,"column":73},"skip":true},{"start":{"line":123,"column":77},"end":{"line":136,"column":9},"skip":true}]},"13":{"line":138,"type":"binary-expr","locations":[{"start":{"line":138,"column":48},"end":{"line":138,"column":85},"skip":true},{"start":{"line":139,"column":12},"end":{"line":145,"column":13},"skip":true}]},"14":{"line":147,"type":"binary-expr","locations":[{"start":{"line":147,"column":42},"end":{"line":147,"column":73},"skip":true},{"start":{"line":147,"column":77},"end":{"line":156,"column":9},"skip":true}]},"15":{"line":158,"type":"binary-expr","locations":[{"start":{"line":158,"column":45},"end":{"line":158,"column":79},"skip":true},{"start":{"line":158,"column":83},"end":{"line":167,"column":9},"skip":true}]},"16":{"line":169,"type":"binary-expr","locations":[{"start":{"line":169,"column":43},"end":{"line":169,"column":75},"skip":true},{"start":{"line":169,"column":79},"end":{"line":178,"column":9},"skip":true}]},"17":{"line":180,"type":"binary-expr","locations":[{"start":{"line":180,"column":41},"end":{"line":180,"column":71},"skip":true},{"start":{"line":180,"column":75},"end":{"line":189,"column":9},"skip":true}]}},"code":["/* istanbul instrument in package npmtest_object_path */","/*jslint","    bitwise: true,","    browser: true,","    maxerr: 8,","    maxlen: 96,","    node: true,","    nomen: true,","    regexp: true,","    stupid: true","*/","(function () {","    'use strict';","    var local;","","","","    // run shared js-env code - pre-init","    (function () {","        // init local","        local = {};","        // init modeJs","        local.modeJs = (function () {","            try {","                return typeof navigator.userAgent === 'string' &&","                    typeof document.querySelector('body') === 'object' &&","                    typeof XMLHttpRequest.prototype.open === 'function' &&","                    'browser';","            } catch (errorCaughtBrowser) {","                return module.exports &&","                    typeof process.versions.node === 'string' &&","                    typeof require('http').createServer === 'function' &&","                    'node';","            }","        }());","        // init global","        local.global = local.modeJs === 'browser'","            ? window","            : global;","        switch (local.modeJs) {","        // re-init local from window.local","        case 'browser':","            local = local.global.utility2.objectSetDefault(","                local.global.utility2_rollup || local.global.local,","                local.global.utility2","            );","            break;","        // re-init local from example.js","        case 'node':","            local = (local.global.utility2_rollup || require('utility2'))","                .requireExampleJsFromReadme();","            break;","        }","        // export local","        local.global.local = local;","    }());","","","","    // run shared js-env code - function","    (function () {","        return;","    }());","    switch (local.modeJs) {","","","","    // run browser js-env code - function","    case 'browser':","        break;","","","","    // run node js-env code - function","    case 'node':","        break;","    }","","","","    // run shared js-env code - post-init","    (function () {","        return;","    }());","    switch (local.modeJs) {","","","","    // run browser js-env code - post-init","    case 'browser':","        local.testCase_browser_nullCase = local.testCase_browser_nullCase || function (","            options,","            onError","        ) {","        /*","         * this function will test browsers's null-case handling-behavior-behavior","         */","            onError(null, options);","        };","","        // run tests","        local.nop(local.modeTest &&","            document.querySelector('#testRunButton1') &&","            document.querySelector('#testRunButton1').click());","        break;","","","","    // run node js-env code - post-init","    /* istanbul ignore next */","    case 'node':","        local.testCase_buildApidoc_default = local.testCase_buildApidoc_default || function (","            options,","            onError","        ) {","        /*","         * this function will test buildApidoc's default handling-behavior-behavior","         */","            options = { modulePathList: module.paths };","            local.buildApidoc(options, onError);","        };","","        local.testCase_buildApp_default = local.testCase_buildApp_default || function (","            options,","            onError","        ) {","        /*","         * this function will test buildApp's default handling-behavior-behavior","         */","            local.testCase_buildReadme_default(options, local.onErrorThrow);","            local.testCase_buildLib_default(options, local.onErrorThrow);","            local.testCase_buildTest_default(options, local.onErrorThrow);","            local.testCase_buildCustomOrg_default(options, local.onErrorThrow);","            options = [];","            local.buildApp(options, onError);","        };","","        local.testCase_buildCustomOrg_default = local.testCase_buildCustomOrg_default ||","            function (options, onError) {","            /*","             * this function will test buildCustomOrg's default handling-behavior","             */","                options = {};","                local.buildCustomOrg(options, onError);","            };","","        local.testCase_buildLib_default = local.testCase_buildLib_default || function (","            options,","            onError","        ) {","        /*","         * this function will test buildLib's default handling-behavior","         */","            options = {};","            local.buildLib(options, onError);","        };","","        local.testCase_buildReadme_default = local.testCase_buildReadme_default || function (","            options,","            onError","        ) {","        /*","         * this function will test buildReadme's default handling-behavior-behavior","         */","            options = {};","            local.buildReadme(options, onError);","        };","","        local.testCase_buildTest_default = local.testCase_buildTest_default || function (","            options,","            onError","        ) {","        /*","         * this function will test buildTest's default handling-behavior","         */","            options = {};","            local.buildTest(options, onError);","        };","","        local.testCase_webpage_default = local.testCase_webpage_default || function (","            options,","            onError","        ) {","        /*","         * this function will test webpage's default handling-behavior","         */","            options = { modeCoverageMerge: true, url: local.serverLocalHost + '?modeTest=1' };","            local.browserTest(options, onError);","        };","","        // run test-server","        local.testRunServer(local);","        break;","    }","}());",""],"l":{"12":2,"14":2,"19":2,"21":2,"23":2,"24":2,"25":2,"30":1,"37":2,"40":2,"43":1,"47":1,"50":1,"52":1,"55":2,"61":2,"62":2,"64":2,"70":1,"76":1,"82":2,"83":2,"85":2,"91":1,"98":1,"102":1,"105":1,"112":1,"119":1,"120":1,"123":1,"130":1,"131":1,"132":1,"133":1,"134":1,"135":1,"138":1,"143":2,"144":2,"147":1,"154":2,"155":2,"158":1,"165":2,"166":2,"169":1,"176":2,"177":2,"180":1,"187":1,"188":1,"192":1,"193":1}},"/home/travis/build/npmtest/node-npmtest-object-path/lib.npmtest_object_path.js":{"path":"/home/travis/build/npmtest/node-npmtest-object-path/lib.npmtest_object_path.js","s":{"1":2,"2":2,"3":2,"4":2,"5":2,"6":2,"7":2,"8":1,"9":2,"10":2,"11":2,"12":2,"13":1,"14":1,"15":1,"16":1},"b":{"1":[2,1,1,1],"2":[1,1,1,1],"3":[1,1],"4":[2,2],"5":[1,1]},"f":{"1":2,"2":2,"3":2},"fnMap":{"1":{"name":"(anonymous_1)","line":12,"loc":{"start":{"line":12,"column":1},"end":{"line":12,"column":13}}},"2":{"name":"(anonymous_2)","line":19,"loc":{"start":{"line":19,"column":5},"end":{"line":19,"column":17}}},"3":{"name":"(anonymous_3)","line":23,"loc":{"start":{"line":23,"column":24},"end":{"line":23,"column":36}}}},"statementMap":{"1":{"start":{"line":12,"column":0},"end":{"line":53,"column":5}},"2":{"start":{"line":14,"column":4},"end":{"line":14,"column":14}},"3":{"start":{"line":19,"column":4},"end":{"line":52,"column":9}},"4":{"start":{"line":21,"column":8},"end":{"line":21,"column":19}},"5":{"start":{"line":23,"column":8},"end":{"line":35,"column":13}},"6":{"start":{"line":24,"column":12},"end":{"line":34,"column":13}},"7":{"start":{"line":25,"column":16},"end":{"line":28,"column":30}},"8":{"start":{"line":30,"column":16},"end":{"line":33,"column":27}},"9":{"start":{"line":37,"column":8},"end":{"line":39,"column":21}},"10":{"start":{"line":41,"column":8},"end":{"line":41,"column":54}},"11":{"start":{"line":43,"column":8},"end":{"line":43,"column":56}},"12":{"start":{"line":45,"column":8},"end":{"line":51,"column":9}},"13":{"start":{"line":46,"column":12},"end":{"line":46,"column":62}},"14":{"start":{"line":48,"column":12},"end":{"line":48,"column":35}},"15":{"start":{"line":49,"column":12},"end":{"line":49,"column":49}},"16":{"start":{"line":50,"column":12},"end":{"line":50,"column":43}}},"branchMap":{"1":{"line":25,"type":"binary-expr","locations":[{"start":{"line":25,"column":23},"end":{"line":25,"column":62}},{"start":{"line":26,"column":20},"end":{"line":26,"column":70}},{"start":{"line":27,"column":20},"end":{"line":27,"column":71}},{"start":{"line":28,"column":20},"end":{"line":28,"column":29}}]},"2":{"line":30,"type":"binary-expr","locations":[{"start":{"line":30,"column":23},"end":{"line":30,"column":37}},{"start":{"line":31,"column":20},"end":{"line":31,"column":61}},{"start":{"line":32,"column":20},"end":{"line":32,"column":70}},{"start":{"line":33,"column":20},"end":{"line":33,"column":26}}]},"3":{"line":37,"type":"cond-expr","locations":[{"start":{"line":38,"column":14},"end":{"line":38,"column":20}},{"start":{"line":39,"column":14},"end":{"line":39,"column":20}}]},"4":{"line":41,"type":"binary-expr","locations":[{"start":{"line":41,"column":16},"end":{"line":41,"column":44}},{"start":{"line":41,"column":48},"end":{"line":41,"column":53}}]},"5":{"line":45,"type":"if","locations":[{"start":{"line":45,"column":8},"end":{"line":45,"column":8}},{"start":{"line":45,"column":8},"end":{"line":45,"column":8}}]}},"code":["/* istanbul instrument in package npmtest_object_path */","/*jslint","    bitwise: true,","    browser: true,","    maxerr: 8,","    maxlen: 96,","    node: true,","    nomen: true,","    regexp: true,","    stupid: true","*/","(function () {","    'use strict';","    var local;","","","","    // run shared js-env code - pre-init","    (function () {","        // init local","        local = {};","        // init modeJs","        local.modeJs = (function () {","            try {","                return typeof navigator.userAgent === 'string' &&","                    typeof document.querySelector('body') === 'object' &&","                    typeof XMLHttpRequest.prototype.open === 'function' &&","                    'browser';","            } catch (errorCaughtBrowser) {","                return module.exports &&","                    typeof process.versions.node === 'string' &&","                    typeof require('http').createServer === 'function' &&","                    'node';","            }","        }());","        // init global","        local.global = local.modeJs === 'browser'","            ? window","            : global;","        // init utility2_rollup","        local = local.global.utility2_rollup || local;","        // init lib","        local.local = local.npmtest_object_path = local;","        // init exports","        if (local.modeJs === 'browser') {","            local.global.utility2_npmtest_object_path = local;","        } else {","            module.exports = local;","            module.exports.__dirname = __dirname;","            module.exports.module = module;","        }","    }());","}());",""],"l":{"12":2,"14":2,"19":2,"21":2,"23":2,"24":2,"25":2,"30":1,"37":2,"41":2,"43":2,"45":2,"46":1,"48":1,"49":1,"50":1}},"/home/travis/build/npmtest/node-npmtest-object-path/example.js":{"path":"/home/travis/build/npmtest/node-npmtest-object-path/example.js","s":{"1":2,"2":2,"3":2,"4":2,"5":2,"6":2,"7":2,"8":1,"9":2,"10":2,"11":2,"12":2,"13":1,"14":2,"15":2,"16":2,"17":2,"18":2,"19":0,"20":2,"21":1,"22":1,"23":1,"24":1,"25":1,"26":0,"27":0,"28":1,"29":1,"30":2,"31":0,"32":0,"33":0,"34":1,"35":2,"36":2,"37":3,"38":3,"39":3,"40":3,"41":0,"42":3,"43":3,"44":3,"45":1,"46":3,"47":1,"48":1,"49":1,"50":1,"51":1,"52":1,"53":1,"54":1,"55":1,"56":1,"57":0,"58":1,"59":6,"60":6,"61":1,"62":2,"63":0,"64":2,"65":1,"66":1,"67":0,"68":0,"69":0,"70":0,"71":0,"72":0,"73":0,"74":0,"75":0,"76":0,"77":0,"78":0,"79":0,"80":0,"81":0,"82":0,"83":0},"b":{"1":[2,1,1,1],"2":[1,1,1,1],"3":[1,1],"4":[2,2],"5":[1,1],"6":[1,1],"7":[2,0],"8":[2,1,1,1,1,1],"9":[0,2,0],"10":[1,1],"11":[2,1,1],"12":[1,0],"13":[0,2],"14":[2,0,0,0,0,0,0],"15":[0,3],"16":[3,0],"17":[1,1],"18":[0,1],"19":[1,2,0,2],"20":[1,0],"21":[1,1],"22":[0,0],"23":[0,0],"24":[0,0],"25":[0,0],"26":[0,0],"27":[0,0],"28":[0,0]},"f":{"1":2,"2":2,"3":2,"4":2,"5":2,"6":2,"7":3,"8":3,"9":3,"10":1,"11":6,"12":0},"fnMap":{"1":{"name":"(anonymous_1)","line":26,"loc":{"start":{"line":26,"column":1},"end":{"line":26,"column":13}}},"2":{"name":"(anonymous_2)","line":33,"loc":{"start":{"line":33,"column":5},"end":{"line":33,"column":17}}},"3":{"name":"(anonymous_3)","line":37,"loc":{"start":{"line":37,"column":24},"end":{"line":37,"column":36}}},"4":{"name":"(anonymous_4)","line":69,"loc":{"start":{"line":69,"column":31},"end":{"line":69,"column":48}},"skip":true},"5":{"name":"(anonymous_5)","line":78,"loc":{"start":{"line":78,"column":26},"end":{"line":78,"column":45}},"skip":true},"6":{"name":"(anonymous_6)","line":123,"loc":{"start":{"line":123,"column":33},"end":{"line":123,"column":48}},"skip":true},"7":{"name":"(anonymous_7)","line":125,"loc":{"start":{"line":125,"column":27},"end":{"line":125,"column":39}},"skip":true},"8":{"name":"(anonymous_8)","line":133,"loc":{"start":{"line":133,"column":59},"end":{"line":133,"column":74}},"skip":true},"9":{"name":"(anonymous_9)","line":143,"loc":{"start":{"line":143,"column":45},"end":{"line":143,"column":62}},"skip":true},"10":{"name":"(anonymous_10)","line":144,"loc":{"start":{"line":144,"column":73},"end":{"line":144,"column":92}},"skip":true},"11":{"name":"(anonymous_11)","line":272,"loc":{"start":{"line":272,"column":51},"end":{"line":272,"column":77}},"skip":true},"12":{"name":"(anonymous_12)","line":315,"loc":{"start":{"line":315,"column":32},"end":{"line":315,"column":61}},"skip":true}},"statementMap":{"1":{"start":{"line":26,"column":0},"end":{"line":326,"column":5}},"2":{"start":{"line":28,"column":4},"end":{"line":28,"column":14}},"3":{"start":{"line":33,"column":4},"end":{"line":60,"column":9}},"4":{"start":{"line":35,"column":8},"end":{"line":35,"column":19}},"5":{"start":{"line":37,"column":8},"end":{"line":49,"column":13}},"6":{"start":{"line":38,"column":12},"end":{"line":48,"column":13}},"7":{"start":{"line":39,"column":16},"end":{"line":42,"column":30}},"8":{"start":{"line":44,"column":16},"end":{"line":47,"column":27}},"9":{"start":{"line":51,"column":8},"end":{"line":53,"column":21}},"10":{"start":{"line":55,"column":8},"end":{"line":57,"column":45}},"11":{"start":{"line":59,"column":8},"end":{"line":59,"column":35}},"12":{"start":{"line":61,"column":4},"end":{"line":325,"column":5}},"13":{"start":{"line":69,"column":8},"end":{"line":121,"column":10},"skip":true},"14":{"start":{"line":70,"column":12},"end":{"line":88,"column":13},"skip":true},"15":{"start":{"line":76,"column":16},"end":{"line":87,"column":19},"skip":true},"16":{"start":{"line":79,"column":20},"end":{"line":86,"column":21},"skip":true},"17":{"start":{"line":82,"column":24},"end":{"line":82,"column":43},"skip":true},"18":{"start":{"line":83,"column":24},"end":{"line":83,"column":30},"skip":true},"19":{"start":{"line":85,"column":24},"end":{"line":85,"column":49},"skip":true},"20":{"start":{"line":89,"column":12},"end":{"line":107,"column":13},"skip":true},"21":{"start":{"line":92,"column":16},"end":{"line":102,"column":17},"skip":true},"22":{"start":{"line":93,"column":20},"end":{"line":93,"column":86},"skip":true},"23":{"start":{"line":94,"column":20},"end":{"line":95,"column":45},"skip":true},"24":{"start":{"line":96,"column":20},"end":{"line":96,"column":42},"skip":true},"25":{"start":{"line":97,"column":20},"end":{"line":97,"column":48},"skip":true},"26":{"start":{"line":100,"column":20},"end":{"line":100,"column":85},"skip":true},"27":{"start":{"line":101,"column":20},"end":{"line":101,"column":96},"skip":true},"28":{"start":{"line":103,"column":16},"end":{"line":103,"column":22},"skip":true},"29":{"start":{"line":106,"column":16},"end":{"line":106,"column":22},"skip":true},"30":{"start":{"line":108,"column":12},"end":{"line":120,"column":13},"skip":true},"31":{"start":{"line":114,"column":16},"end":{"line":119,"column":17},"skip":true},"32":{"start":{"line":116,"column":20},"end":{"line":116,"column":78},"skip":true},"33":{"start":{"line":118,"column":20},"end":{"line":118,"column":47},"skip":true},"34":{"start":{"line":123,"column":8},"end":{"line":141,"column":11},"skip":true},"35":{"start":{"line":124,"column":12},"end":{"line":124,"column":54},"skip":true},"36":{"start":{"line":125,"column":12},"end":{"line":140,"column":14},"skip":true},"37":{"start":{"line":126,"column":16},"end":{"line":126,"column":28},"skip":true},"38":{"start":{"line":127,"column":16},"end":{"line":127,"column":69},"skip":true},"39":{"start":{"line":128,"column":16},"end":{"line":128,"column":75},"skip":true},"40":{"start":{"line":129,"column":16},"end":{"line":131,"column":17},"skip":true},"41":{"start":{"line":130,"column":20},"end":{"line":130,"column":27},"skip":true},"42":{"start":{"line":133,"column":16},"end":{"line":137,"column":36},"skip":true},"43":{"start":{"line":134,"column":20},"end":{"line":136,"column":55},"skip":true},"44":{"start":{"line":139,"column":16},"end":{"line":139,"column":57},"skip":true},"45":{"start":{"line":143,"column":8},"end":{"line":147,"column":11},"skip":true},"46":{"start":{"line":144,"column":12},"end":{"line":146,"column":15},"skip":true},"47":{"start":{"line":145,"column":16},"end":{"line":145,"column":70},"skip":true},"48":{"start":{"line":149,"column":8},"end":{"line":149,"column":31},"skip":true},"49":{"start":{"line":150,"column":8},"end":{"line":150,"column":14},"skip":true},"50":{"start":{"line":158,"column":8},"end":{"line":158,"column":31},"skip":true},"51":{"start":{"line":160,"column":8},"end":{"line":160,"column":33},"skip":true},"52":{"start":{"line":161,"column":8},"end":{"line":161,"column":37},"skip":true},"53":{"start":{"line":162,"column":8},"end":{"line":162,"column":35},"skip":true},"54":{"start":{"line":164,"column":8},"end":{"line":164,"column":50},"skip":true},"55":{"start":{"line":166,"column":8},"end":{"line":256,"column":2},"skip":true},"56":{"start":{"line":258,"column":8},"end":{"line":286,"column":9},"skip":true},"57":{"start":{"line":259,"column":12},"end":{"line":269,"column":14},"skip":true},"58":{"start":{"line":271,"column":12},"end":{"line":285,"column":19},"skip":true},"59":{"start":{"line":274,"column":20},"end":{"line":274,"column":35},"skip":true},"60":{"start":{"line":275,"column":20},"end":{"line":284,"column":21},"skip":true},"61":{"start":{"line":277,"column":24},"end":{"line":277,"column":64},"skip":true},"62":{"start":{"line":279,"column":24},"end":{"line":279,"column":40},"skip":true},"63":{"start":{"line":281,"column":24},"end":{"line":281,"column":40},"skip":true},"64":{"start":{"line":283,"column":24},"end":{"line":283,"column":39},"skip":true},"65":{"start":{"line":288,"column":8},"end":{"line":290,"column":9},"skip":true},"66":{"start":{"line":289,"column":12},"end":{"line":289,"column":18},"skip":true},"67":{"start":{"line":291,"column":8},"end":{"line":293,"column":54},"skip":true},"68":{"start":{"line":296,"column":8},"end":{"line":301,"column":37},"skip":true},"69":{"start":{"line":303,"column":8},"end":{"line":303,"column":82},"skip":true},"70":{"start":{"line":306,"column":8},"end":{"line":308,"column":9},"skip":true},"71":{"start":{"line":307,"column":12},"end":{"line":307,"column":82},"skip":true},"72":{"start":{"line":310,"column":8},"end":{"line":312,"column":9},"skip":true},"73":{"start":{"line":311,"column":12},"end":{"line":311,"column":18},"skip":true},"74":{"start":{"line":313,"column":8},"end":{"line":313,"column":54},"skip":true},"75":{"start":{"line":314,"column":8},"end":{"line":314,"column":69},"skip":true},"76":{"start":{"line":315,"column":8},"end":{"line":323,"column":36},"skip":true},"77":{"start":{"line":316,"column":12},"end":{"line":316,"column":61},"skip":true},"78":{"start":{"line":317,"column":12},"end":{"line":320,"column":13},"skip":true},"79":{"start":{"line":318,"column":16},"end":{"line":318,"column":75},"skip":true},"80":{"start":{"line":319,"column":16},"end":{"line":319,"column":23},"skip":true},"81":{"start":{"line":321,"column":12},"end":{"line":321,"column":38},"skip":true},"82":{"start":{"line":322,"column":12},"end":{"line":322,"column":27},"skip":true},"83":{"start":{"line":324,"column":8},"end":{"line":324,"column":14},"skip":true}},"branchMap":{"1":{"line":39,"type":"binary-expr","locations":[{"start":{"line":39,"column":23},"end":{"line":39,"column":62}},{"start":{"line":40,"column":20},"end":{"line":40,"column":70}},{"start":{"line":41,"column":20},"end":{"line":41,"column":71}},{"start":{"line":42,"column":20},"end":{"line":42,"column":29}}]},"2":{"line":44,"type":"binary-expr","locations":[{"start":{"line":44,"column":23},"end":{"line":44,"column":37}},{"start":{"line":45,"column":20},"end":{"line":45,"column":61}},{"start":{"line":46,"column":20},"end":{"line":46,"column":70}},{"start":{"line":47,"column":20},"end":{"line":47,"column":26}}]},"3":{"line":51,"type":"cond-expr","locations":[{"start":{"line":52,"column":14},"end":{"line":52,"column":20}},{"start":{"line":53,"column":14},"end":{"line":53,"column":20}}]},"4":{"line":55,"type":"binary-expr","locations":[{"start":{"line":55,"column":16},"end":{"line":55,"column":44}},{"start":{"line":55,"column":49},"end":{"line":57,"column":43}}]},"5":{"line":55,"type":"cond-expr","locations":[{"start":{"line":56,"column":14},"end":{"line":56,"column":55}},{"start":{"line":57,"column":14},"end":{"line":57,"column":43}}]},"6":{"line":61,"type":"switch","locations":[{"start":{"line":68,"column":4},"end":{"line":150,"column":14},"skip":true},{"start":{"line":156,"column":4},"end":{"line":324,"column":14},"skip":true}]},"7":{"line":70,"type":"if","locations":[{"start":{"line":70,"column":12},"end":{"line":70,"column":12},"skip":true},{"start":{"line":70,"column":12},"end":{"line":70,"column":12},"skip":true}]},"8":{"line":70,"type":"binary-expr","locations":[{"start":{"line":70,"column":16},"end":{"line":70,"column":22},"skip":true},{"start":{"line":70,"column":27},"end":{"line":70,"column":32},"skip":true},{"start":{"line":71,"column":20},"end":{"line":71,"column":39},"skip":true},{"start":{"line":72,"column":20},"end":{"line":72,"column":49},"skip":true},{"start":{"line":73,"column":20},"end":{"line":73,"column":58},"skip":true},{"start":{"line":74,"column":20},"end":{"line":74,"column":69},"skip":true}]},"9":{"line":79,"type":"switch","locations":[{"start":{"line":80,"column":20},"end":{"line":80,"column":33},"skip":true},{"start":{"line":81,"column":20},"end":{"line":83,"column":30},"skip":true},{"start":{"line":84,"column":20},"end":{"line":85,"column":49},"skip":true}]},"10":{"line":89,"type":"switch","locations":[{"start":{"line":90,"column":12},"end":{"line":103,"column":22},"skip":true},{"start":{"line":105,"column":12},"end":{"line":106,"column":22},"skip":true}]},"11":{"line":89,"type":"binary-expr","locations":[{"start":{"line":89,"column":20},"end":{"line":89,"column":25},"skip":true},{"start":{"line":89,"column":29},"end":{"line":89,"column":48},"skip":true},{"start":{"line":89,"column":52},"end":{"line":89,"column":74},"skip":true}]},"12":{"line":92,"type":"if","locations":[{"start":{"line":92,"column":16},"end":{"line":92,"column":16},"skip":true},{"start":{"line":92,"column":16},"end":{"line":92,"column":16},"skip":true}]},"13":{"line":108,"type":"if","locations":[{"start":{"line":108,"column":12},"end":{"line":108,"column":12},"skip":true},{"start":{"line":108,"column":12},"end":{"line":108,"column":12},"skip":true}]},"14":{"line":108,"type":"binary-expr","locations":[{"start":{"line":108,"column":16},"end":{"line":108,"column":61},"skip":true},{"start":{"line":108,"column":66},"end":{"line":108,"column":72},"skip":true},{"start":{"line":108,"column":77},"end":{"line":108,"column":82},"skip":true},{"start":{"line":109,"column":20},"end":{"line":109,"column":39},"skip":true},{"start":{"line":110,"column":20},"end":{"line":110,"column":49},"skip":true},{"start":{"line":111,"column":20},"end":{"line":111,"column":58},"skip":true},{"start":{"line":112,"column":20},"end":{"line":112,"column":68},"skip":true}]},"15":{"line":129,"type":"if","locations":[{"start":{"line":129,"column":16},"end":{"line":129,"column":16},"skip":true},{"start":{"line":129,"column":16},"end":{"line":129,"column":16},"skip":true}]},"16":{"line":134,"type":"cond-expr","locations":[{"start":{"line":135,"column":26},"end":{"line":135,"column":29},"skip":true},{"start":{"line":136,"column":26},"end":{"line":136,"column":54},"skip":true}]},"17":{"line":164,"type":"binary-expr","locations":[{"start":{"line":164,"column":27},"end":{"line":164,"column":43},"skip":true},{"start":{"line":164,"column":47},"end":{"line":164,"column":49},"skip":true}]},"18":{"line":258,"type":"if","locations":[{"start":{"line":258,"column":8},"end":{"line":258,"column":8},"skip":true},{"start":{"line":258,"column":8},"end":{"line":258,"column":8},"skip":true}]},"19":{"line":275,"type":"switch","locations":[{"start":{"line":276,"column":20},"end":{"line":277,"column":64},"skip":true},{"start":{"line":278,"column":20},"end":{"line":279,"column":40},"skip":true},{"start":{"line":280,"column":20},"end":{"line":281,"column":40},"skip":true},{"start":{"line":282,"column":20},"end":{"line":283,"column":39},"skip":true}]},"20":{"line":288,"type":"if","locations":[{"start":{"line":288,"column":8},"end":{"line":288,"column":8},"skip":true},{"start":{"line":288,"column":8},"end":{"line":288,"column":8},"skip":true}]},"21":{"line":288,"type":"binary-expr","locations":[{"start":{"line":288,"column":12},"end":{"line":288,"column":40},"skip":true},{"start":{"line":288,"column":44},"end":{"line":288,"column":67},"skip":true}]},"22":{"line":292,"type":"binary-expr","locations":[{"start":{"line":292,"column":12},"end":{"line":292,"column":50},"skip":true},{"start":{"line":293,"column":12},"end":{"line":293,"column":53},"skip":true}]},"23":{"line":297,"type":"binary-expr","locations":[{"start":{"line":297,"column":12},"end":{"line":297,"column":69},"skip":true},{"start":{"line":298,"column":12},"end":{"line":301,"column":36},"skip":true}]},"24":{"line":303,"type":"binary-expr","locations":[{"start":{"line":303,"column":43},"end":{"line":303,"column":75},"skip":true},{"start":{"line":303,"column":79},"end":{"line":303,"column":81},"skip":true}]},"25":{"line":306,"type":"if","locations":[{"start":{"line":306,"column":8},"end":{"line":306,"column":8},"skip":true},{"start":{"line":306,"column":8},"end":{"line":306,"column":8},"skip":true}]},"26":{"line":310,"type":"if","locations":[{"start":{"line":310,"column":8},"end":{"line":310,"column":8},"skip":true},{"start":{"line":310,"column":8},"end":{"line":310,"column":8},"skip":true}]},"27":{"line":313,"type":"binary-expr","locations":[{"start":{"line":313,"column":27},"end":{"line":313,"column":43},"skip":true},{"start":{"line":313,"column":47},"end":{"line":313,"column":53},"skip":true}]},"28":{"line":317,"type":"if","locations":[{"start":{"line":317,"column":12},"end":{"line":317,"column":12},"skip":true},{"start":{"line":317,"column":12},"end":{"line":317,"column":12},"skip":true}]}},"code":["/*","example.js","","quickstart example","","instruction","    1. save this script as example.js","    2. run the shell command:","        $ npm install npmtest-object-path && PORT=8081 node example.js","    3. play with the browser-demo on http://127.0.0.1:8081","*/","","","","/* istanbul instrument in package npmtest_object_path */","/*jslint","    bitwise: true,","    browser: true,","    maxerr: 8,","    maxlen: 96,","    node: true,","    nomen: true,","    regexp: true,","    stupid: true","*/","(function () {","    'use strict';","    var local;","","","","    // run shared js-env code - pre-init","    (function () {","        // init local","        local = {};","        // init modeJs","        local.modeJs = (function () {","            try {","                return typeof navigator.userAgent === 'string' &&","                    typeof document.querySelector('body') === 'object' &&","                    typeof XMLHttpRequest.prototype.open === 'function' &&","                    'browser';","            } catch (errorCaughtBrowser) {","                return module.exports &&","                    typeof process.versions.node === 'string' &&","                    typeof require('http').createServer === 'function' &&","                    'node';","            }","        }());","        // init global","        local.global = local.modeJs === 'browser'","            ? window","            : global;","        // init utility2_rollup","        local = local.global.utility2_rollup || (local.modeJs === 'browser'","            ? local.global.utility2_npmtest_object_path","            : global.utility2_moduleExports);","        // export local","        local.global.local = local;","    }());","    switch (local.modeJs) {","","","","    // post-init","    // run browser js-env code - post-init","    /* istanbul ignore next */","    case 'browser':","        local.testRunBrowser = function (event) {","            if (!event || (event &&","                    event.currentTarget &&","                    event.currentTarget.className &&","                    event.currentTarget.className.includes &&","                    event.currentTarget.className.includes('onreset'))) {","                // reset output","                Array.from(","                    document.querySelectorAll('body > .resettable')","                ).forEach(function (element) {","                    switch (element.tagName) {","                    case 'INPUT':","                    case 'TEXTAREA':","                        element.value = '';","                        break;","                    default:","                        element.textContent = '';","                    }","                });","            }","            switch (event && event.currentTarget && event.currentTarget.id) {","            case 'testRunButton1':","                // show tests","                if (document.querySelector('#testReportDiv1').style.display === 'none') {","                    document.querySelector('#testReportDiv1').style.display = 'block';","                    document.querySelector('#testRunButton1').textContent =","                        'hide internal test';","                    local.modeTest = true;","                    local.testRunDefault(local);","                // hide tests","                } else {","                    document.querySelector('#testReportDiv1').style.display = 'none';","                    document.querySelector('#testRunButton1').textContent = 'run internal test';","                }","                break;","            // custom-case","            default:","                break;","            }","            if (document.querySelector('#inputTextareaEval1') && (!event || (event &&","                    event.currentTarget &&","                    event.currentTarget.className &&","                    event.currentTarget.className.includes &&","                    event.currentTarget.className.includes('oneval')))) {","                // try to eval input-code","                try {","                    /*jslint evil: true*/","                    eval(document.querySelector('#inputTextareaEval1').value);","                } catch (errorCaught) {","                    console.error(errorCaught);","                }","            }","        };","        // log stderr and stdout to #outputTextareaStdout1","        ['error', 'log'].forEach(function (key) {","            console[key + '_original'] = console[key];","            console[key] = function () {","                var element;","                console[key + '_original'].apply(console, arguments);","                element = document.querySelector('#outputTextareaStdout1');","                if (!element) {","                    return;","                }","                // append text to #outputTextareaStdout1","                element.value += Array.from(arguments).map(function (arg) {","                    return typeof arg === 'string'","                        ? arg","                        : JSON.stringify(arg, null, 4);","                }).join(' ') + '\\n';","                // scroll textarea to bottom","                element.scrollTop = element.scrollHeight;","            };","        });","        // init event-handling","        ['change', 'click', 'keyup'].forEach(function (event) {","            Array.from(document.querySelectorAll('.on' + event)).forEach(function (element) {","                element.addEventListener(event, local.testRunBrowser);","            });","        });","        // run tests","        local.testRunBrowser();","        break;","","","","    // run node js-env code - post-init","    /* istanbul ignore next */","    case 'node':","        // export local","        module.exports = local;","        // require modules","        local.fs = require('fs');","        local.http = require('http');","        local.url = require('url');","        // init assets","        local.assetsDict = local.assetsDict || {};","        /* jslint-ignore-begin */","        local.assetsDict['/assets.index.template.html'] = '\\","<!doctype html>\\n\\","<html lang=\"en\">\\n\\","<head>\\n\\","<meta charset=\"UTF-8\">\\n\\","<meta name=\"viewport\" content=\"width=device-width, initial-scale=1\">\\n\\","<title>{{env.npm_package_name}} (v{{env.npm_package_version}})</title>\\n\\","<style>\\n\\","/*csslint\\n\\","    box-sizing: false,\\n\\","    universal-selector: false\\n\\","*/\\n\\","* {\\n\\","    box-sizing: border-box;\\n\\","}\\n\\","body {\\n\\","    background: #dde;\\n\\","    font-family: Arial, Helvetica, sans-serif;\\n\\","    margin: 2rem;\\n\\","}\\n\\","body > * {\\n\\","    margin-bottom: 1rem;\\n\\","}\\n\\",".utility2FooterDiv {\\n\\","    margin-top: 20px;\\n\\","    text-align: center;\\n\\","}\\n\\","</style>\\n\\","<style>\\n\\","/*csslint\\n\\","*/\\n\\","textarea {\\n\\","    font-family: monospace;\\n\\","    height: 10rem;\\n\\","    width: 100%;\\n\\","}\\n\\","textarea[readonly] {\\n\\","    background: #ddd;\\n\\","}\\n\\","</style>\\n\\","</head>\\n\\","<body>\\n\\","<!-- utility2-comment\\n\\","<div id=\"ajaxProgressDiv1\" style=\"background: #d00; height: 2px; left: 0; margin: 0; padding: 0; position: fixed; top: 0; transition: background 0.5s, width 1.5s; width: 25%;\"></div>\\n\\","utility2-comment -->\\n\\","<h1>\\n\\","<!-- utility2-comment\\n\\","    <a\\n\\","        {{#if env.npm_package_homepage}}\\n\\","        href=\"{{env.npm_package_homepage}}\"\\n\\","        {{/if env.npm_package_homepage}}\\n\\","        target=\"_blank\"\\n\\","    >\\n\\","utility2-comment -->\\n\\","        {{env.npm_package_name}} (v{{env.npm_package_version}})\\n\\","<!-- utility2-comment\\n\\","    </a>\\n\\","utility2-comment -->\\n\\","</h1>\\n\\","<h3>{{env.npm_package_description}}</h3>\\n\\","<!-- utility2-comment\\n\\","<h4><a download href=\"assets.app.js\">download standalone app</a></h4>\\n\\","<button class=\"onclick onreset\" id=\"testRunButton1\">run internal test</button><br>\\n\\","<div id=\"testReportDiv1\" style=\"display: none;\"></div>\\n\\","utility2-comment -->\\n\\","\\n\\","\\n\\","\\n\\","<label>stderr and stdout</label>\\n\\","<textarea class=\"resettable\" id=\"outputTextareaStdout1\" readonly></textarea>\\n\\","<!-- utility2-comment\\n\\","{{#if isRollup}}\\n\\","<script src=\"assets.app.js\"></script>\\n\\","{{#unless isRollup}}\\n\\","utility2-comment -->\\n\\","<script src=\"assets.utility2.rollup.js\"></script>\\n\\","<script src=\"jsonp.utility2._stateInit?callback=window.utility2._stateInit\"></script>\\n\\","<script src=\"assets.npmtest_object_path.rollup.js\"></script>\\n\\","<script src=\"assets.example.js\"></script>\\n\\","<script src=\"assets.test.js\"></script>\\n\\","<!-- utility2-comment\\n\\","{{/if isRollup}}\\n\\","utility2-comment -->\\n\\","<div class=\"utility2FooterDiv\">\\n\\","    [ this app was created with\\n\\","    <a href=\"https://github.com/kaizhu256/node-utility2\" target=\"_blank\">utility2</a>\\n\\","    ]\\n\\","</div>\\n\\","</body>\\n\\","</html>\\n\\","';","        /* jslint-ignore-end */","        if (local.templateRender) {","            local.assetsDict['/'] = local.templateRender(","                local.assetsDict['/assets.index.template.html'],","                {","                    env: local.objectSetDefault(local.env, {","                        npm_package_description: 'the greatest app in the world!',","                        npm_package_name: 'my-app',","                        npm_package_nameAlias: 'my_app',","                        npm_package_version: '0.0.1'","                    })","                }","            );","        } else {","            local.assetsDict['/'] = local.assetsDict['/assets.index.template.html']","                .replace((/\\{\\{env\\.(\\w+?)\\}\\}/g), function (match0, match1) {","                    // jslint-hack","                    String(match0);","                    switch (match1) {","                    case 'npm_package_description':","                        return 'the greatest app in the world!';","                    case 'npm_package_name':","                        return 'my-app';","                    case 'npm_package_nameAlias':","                        return 'my_app';","                    case 'npm_package_version':","                        return '0.0.1';","                    }","                });","        }","        // run the cli","        if (local.global.utility2_rollup || module !== require.main) {","            break;","        }","        local.assetsDict['/assets.example.js'] =","            local.assetsDict['/assets.example.js'] ||","            local.fs.readFileSync(__filename, 'utf8');","        // bug-workaround - long $npm_package_buildCustomOrg","        /* jslint-ignore-begin */","        local.assetsDict['/assets.npmtest_object_path.rollup.js'] =","            local.assetsDict['/assets.npmtest_object_path.rollup.js'] ||","            local.fs.readFileSync(","                local.npmtest_object_path.__dirname + '/lib.npmtest_object_path.js',","                'utf8'","            ).replace((/^#!/), '//');","        /* jslint-ignore-end */","        local.assetsDict['/favicon.ico'] = local.assetsDict['/favicon.ico'] || '';","        // if $npm_config_timeout_exit exists,","        // then exit this process after $npm_config_timeout_exit ms","        if (Number(process.env.npm_config_timeout_exit)) {","            setTimeout(process.exit, Number(process.env.npm_config_timeout_exit));","        }","        // start server","        if (local.global.utility2_serverHttp1) {","            break;","        }","        process.env.PORT = process.env.PORT || '8081';","        console.error('server starting on port ' + process.env.PORT);","        local.http.createServer(function (request, response) {","            request.urlParsed = local.url.parse(request.url);","            if (local.assetsDict[request.urlParsed.pathname] !== undefined) {","                response.end(local.assetsDict[request.urlParsed.pathname]);","                return;","            }","            response.statusCode = 404;","            response.end();","        }).listen(process.env.PORT);","        break;","    }","}());",""],"l":{"26":2,"28":2,"33":2,"35":2,"37":2,"38":2,"39":2,"44":1,"51":2,"55":2,"59":2,"61":2,"69":1,"70":2,"76":2,"79":2,"82":2,"83":2,"85":1,"89":2,"92":1,"93":1,"94":1,"96":1,"97":1,"100":1,"101":1,"103":1,"106":1,"108":2,"114":1,"116":1,"118":1,"123":1,"124":2,"125":2,"126":3,"127":3,"128":3,"129":3,"130":1,"133":3,"134":3,"139":3,"143":1,"144":3,"145":1,"149":1,"150":1,"158":1,"160":1,"161":1,"162":1,"164":1,"166":1,"258":1,"259":1,"271":1,"274":6,"275":6,"277":1,"279":2,"281":1,"283":2,"288":1,"289":1,"291":1,"296":1,"303":1,"306":1,"307":1,"310":1,"311":1,"313":1,"314":1,"315":1,"316":1,"317":1,"318":1,"319":1,"321":1,"322":1,"324":1}},"/home/travis/build/npmtest/node-npmtest-object-path/node_modules/object-path/index.js":{"path":"/home/travis/build/npmtest/node-npmtest-object-path/node_modules/object-path/index.js","s":{"1":1,"2":1,"3":1,"4":0,"5":0,"6":0,"7":1,"8":1,"9":0,"10":0,"11":0,"12":1,"13":0,"14":0,"15":0,"16":0,"17":0,"18":0,"19":0,"20":0,"21":0,"22":0,"23":1,"24":0,"25":1,"26":0,"27":1,"28":0,"29":1,"30":0,"31":1,"32":0,"33":0,"34":0,"35":0,"36":1,"37":2,"38":2,"39":0,"40":0,"41":0,"42":0,"43":0,"44":0,"45":1,"46":0,"47":1,"48":0,"49":0,"50":1,"51":0,"52":0,"53":0,"54":0,"55":0,"56":0,"57":0,"58":0,"59":0,"60":0,"61":0,"62":0,"63":0,"64":0,"65":0,"66":0,"67":0,"68":2,"69":0,"70":0,"71":0,"72":0,"73":0,"74":0,"75":0,"76":0,"77":0,"78":0,"79":0,"80":0,"81":2,"82":0,"83":2,"84":0,"85":2,"86":0,"87":0,"88":0,"89":0,"90":0,"91":0,"92":2,"93":0,"94":0,"95":0,"96":0,"97":0,"98":0,"99":0,"100":0,"101":0,"102":0,"103":0,"104":0,"105":0,"106":0,"107":0,"108":0,"109":0,"110":0,"111":0,"112":0,"113":2,"114":0,"115":0,"116":0,"117":0,"118":0,"119":2,"120":0,"121":0,"122":0,"123":0,"124":0,"125":2,"126":0,"127":0,"128":0,"129":0,"130":0,"131":0,"132":0,"133":0,"134":0,"135":0,"136":0,"137":0,"138":0,"139":0,"140":0,"141":2,"142":0,"143":0,"144":0,"145":0,"146":0,"147":0,"148":0,"149":0,"150":0,"151":0,"152":0,"153":0,"154":0,"155":0,"156":0,"157":0,"158":0,"159":2,"160":1,"161":1,"162":1,"163":1},"b":{"1":[1,0],"2":[1,1],"3":[0,0],"4":[0,0],"5":[0,0],"6":[0,0],"7":[0,0],"8":[0,0],"9":[0,0],"10":[0,0],"11":[0,0],"12":[1,0],"13":[0,0],"14":[0,0],"15":[2,1],"16":[0,0],"17":[0,0],"18":[0,0,0,0],"19":[0,0],"20":[0,0],"21":[0,0],"22":[0,0],"23":[0,0],"24":[0,0],"25":[0,0],"26":[0,0],"27":[0,0],"28":[0,0],"29":[0,0],"30":[0,0],"31":[0,0],"32":[0,0],"33":[0,0],"34":[0,0,0,0],"35":[0,0],"36":[0,0],"37":[0,0],"38":[0,0],"39":[0,0],"40":[0,0],"41":[0,0],"42":[0,0],"43":[0,0],"44":[0,0],"45":[0,0],"46":[0,0],"47":[0,0],"48":[0,0],"49":[0,0],"50":[0,0],"51":[0,0],"52":[0,0],"53":[0,0],"54":[0,0],"55":[0,0],"56":[0,0],"57":[0,0],"58":[0,0],"59":[0,0],"60":[0,0],"61":[0,0]},"f":{"1":1,"2":1,"3":0,"4":0,"5":0,"6":0,"7":0,"8":0,"9":0,"10":2,"11":0,"12":0,"13":0,"14":0,"15":0,"16":0,"17":0,"18":0,"19":0,"20":0,"21":0,"22":0,"23":0,"24":0},"fnMap":{"1":{"name":"(anonymous_1)","line":1,"loc":{"start":{"line":1,"column":1},"end":{"line":1,"column":25}}},"2":{"name":"(anonymous_2)","line":14,"loc":{"start":{"line":14,"column":9},"end":{"line":14,"column":19}}},"3":{"name":"hasOwnProperty","line":18,"loc":{"start":{"line":18,"column":2},"end":{"line":18,"column":37}}},"4":{"name":"isEmpty","line":26,"loc":{"start":{"line":26,"column":2},"end":{"line":26,"column":25}}},"5":{"name":"toString","line":43,"loc":{"start":{"line":43,"column":2},"end":{"line":43,"column":25}}},"6":{"name":"isObject","line":47,"loc":{"start":{"line":47,"column":2},"end":{"line":47,"column":24}}},"7":{"name":"(anonymous_7)","line":51,"loc":{"start":{"line":51,"column":33},"end":{"line":51,"column":46}}},"8":{"name":"isBoolean","line":56,"loc":{"start":{"line":56,"column":2},"end":{"line":56,"column":25}}},"9":{"name":"getKey","line":60,"loc":{"start":{"line":60,"column":2},"end":{"line":60,"column":22}}},"10":{"name":"factory","line":68,"loc":{"start":{"line":68,"column":2},"end":{"line":68,"column":28}}},"11":{"name":"(anonymous_11)","line":71,"loc":{"start":{"line":71,"column":21},"end":{"line":71,"column":35}}},"12":{"name":"(anonymous_12)","line":72,"loc":{"start":{"line":72,"column":44},"end":{"line":72,"column":66}}},"13":{"name":"hasShallowProperty","line":86,"loc":{"start":{"line":86,"column":4},"end":{"line":86,"column":43}}},"14":{"name":"getShallowProperty","line":90,"loc":{"start":{"line":90,"column":4},"end":{"line":90,"column":43}}},"15":{"name":"set","line":96,"loc":{"start":{"line":96,"column":4},"end":{"line":96,"column":48}}},"16":{"name":"(anonymous_16)","line":127,"loc":{"start":{"line":127,"column":21},"end":{"line":127,"column":42}}},"17":{"name":"(anonymous_17)","line":152,"loc":{"start":{"line":152,"column":30},"end":{"line":152,"column":57}}},"18":{"name":"(anonymous_18)","line":156,"loc":{"start":{"line":156,"column":21},"end":{"line":156,"column":62}}},"19":{"name":"(anonymous_19)","line":160,"loc":{"start":{"line":160,"column":24},"end":{"line":160,"column":55}}},"20":{"name":"(anonymous_20)","line":170,"loc":{"start":{"line":170,"column":23},"end":{"line":170,"column":43}}},"21":{"name":"(anonymous_21)","line":202,"loc":{"start":{"line":202,"column":22},"end":{"line":202,"column":56}}},"22":{"name":"(anonymous_22)","line":212,"loc":{"start":{"line":212,"column":26},"end":{"line":212,"column":62}}},"23":{"name":"(anonymous_23)","line":224,"loc":{"start":{"line":224,"column":21},"end":{"line":224,"column":55}}},"24":{"name":"del","line":251,"loc":{"start":{"line":251,"column":21},"end":{"line":251,"column":45}}}},"statementMap":{"1":{"start":{"line":1,"column":0},"end":{"line":292,"column":3}},"2":{"start":{"line":5,"column":2},"end":{"line":13,"column":3},"skip":true},"3":{"start":{"line":6,"column":4},"end":{"line":6,"column":31},"skip":true},"4":{"start":{"line":7,"column":9},"end":{"line":13,"column":3},"skip":true},"5":{"start":{"line":9,"column":4},"end":{"line":9,"column":24},"skip":true},"6":{"start":{"line":12,"column":4},"end":{"line":12,"column":32},"skip":true},"7":{"start":{"line":17,"column":2},"end":{"line":17,"column":40}},"8":{"start":{"line":18,"column":2},"end":{"line":24,"column":3}},"9":{"start":{"line":19,"column":4},"end":{"line":21,"column":5}},"10":{"start":{"line":20,"column":6},"end":{"line":20,"column":18}},"11":{"start":{"line":23,"column":4},"end":{"line":23,"column":58}},"12":{"start":{"line":26,"column":2},"end":{"line":41,"column":3}},"13":{"start":{"line":27,"column":4},"end":{"line":29,"column":5}},"14":{"start":{"line":28,"column":6},"end":{"line":28,"column":18}},"15":{"start":{"line":30,"column":4},"end":{"line":39,"column":5}},"16":{"start":{"line":31,"column":8},"end":{"line":31,"column":20}},"17":{"start":{"line":32,"column":11},"end":{"line":39,"column":5}},"18":{"start":{"line":33,"column":8},"end":{"line":37,"column":9}},"19":{"start":{"line":34,"column":12},"end":{"line":36,"column":13}},"20":{"start":{"line":35,"column":16},"end":{"line":35,"column":29}},"21":{"start":{"line":38,"column":8},"end":{"line":38,"column":20}},"22":{"start":{"line":40,"column":4},"end":{"line":40,"column":17}},"23":{"start":{"line":43,"column":2},"end":{"line":45,"column":3}},"24":{"start":{"line":44,"column":4},"end":{"line":44,"column":28}},"25":{"start":{"line":47,"column":2},"end":{"line":49,"column":3}},"26":{"start":{"line":48,"column":4},"end":{"line":48,"column":74}},"27":{"start":{"line":51,"column":2},"end":{"line":54,"column":3}},"28":{"start":{"line":53,"column":4},"end":{"line":53,"column":48},"skip":true},"29":{"start":{"line":56,"column":2},"end":{"line":58,"column":3}},"30":{"start":{"line":57,"column":4},"end":{"line":57,"column":76}},"31":{"start":{"line":60,"column":2},"end":{"line":66,"column":3}},"32":{"start":{"line":61,"column":4},"end":{"line":61,"column":31}},"33":{"start":{"line":62,"column":4},"end":{"line":64,"column":5}},"34":{"start":{"line":63,"column":6},"end":{"line":63,"column":20}},"35":{"start":{"line":65,"column":4},"end":{"line":65,"column":15}},"36":{"start":{"line":68,"column":2},"end":{"line":286,"column":3}},"37":{"start":{"line":69,"column":4},"end":{"line":69,"column":27}},"38":{"start":{"line":71,"column":4},"end":{"line":84,"column":6}},"39":{"start":{"line":72,"column":6},"end":{"line":83,"column":13}},"40":{"start":{"line":73,"column":8},"end":{"line":75,"column":9}},"41":{"start":{"line":74,"column":10},"end":{"line":74,"column":23}},"42":{"start":{"line":78,"column":8},"end":{"line":80,"column":9}},"43":{"start":{"line":79,"column":10},"end":{"line":79,"column":63}},"44":{"start":{"line":82,"column":8},"end":{"line":82,"column":21}},"45":{"start":{"line":86,"column":4},"end":{"line":88,"column":5}},"46":{"start":{"line":87,"column":6},"end":{"line":87,"column":125}},"47":{"start":{"line":90,"column":4},"end":{"line":94,"column":5}},"48":{"start":{"line":91,"column":6},"end":{"line":93,"column":7}},"49":{"start":{"line":92,"column":8},"end":{"line":92,"column":25}},"50":{"start":{"line":96,"column":4},"end":{"line":125,"column":5}},"51":{"start":{"line":97,"column":6},"end":{"line":99,"column":7}},"52":{"start":{"line":98,"column":8},"end":{"line":98,"column":22}},"53":{"start":{"line":100,"column":6},"end":{"line":102,"column":7}},"54":{"start":{"line":101,"column":8},"end":{"line":101,"column":19}},"55":{"start":{"line":103,"column":6},"end":{"line":105,"column":7}},"56":{"start":{"line":104,"column":8},"end":{"line":104,"column":74}},"57":{"start":{"line":106,"column":6},"end":{"line":106,"column":32}},"58":{"start":{"line":107,"column":6},"end":{"line":107,"column":62}},"59":{"start":{"line":108,"column":6},"end":{"line":113,"column":7}},"60":{"start":{"line":109,"column":8},"end":{"line":111,"column":9}},"61":{"start":{"line":110,"column":10},"end":{"line":110,"column":35}},"62":{"start":{"line":112,"column":8},"end":{"line":112,"column":28}},"63":{"start":{"line":115,"column":6},"end":{"line":122,"column":7}},"64":{"start":{"line":117,"column":8},"end":{"line":121,"column":9}},"65":{"start":{"line":118,"column":10},"end":{"line":118,"column":32}},"66":{"start":{"line":120,"column":10},"end":{"line":120,"column":32}},"67":{"start":{"line":124,"column":6},"end":{"line":124,"column":71}},"68":{"start":{"line":127,"column":4},"end":{"line":150,"column":6}},"69":{"start":{"line":128,"column":6},"end":{"line":132,"column":7}},"70":{"start":{"line":129,"column":8},"end":{"line":129,"column":22}},"71":{"start":{"line":130,"column":13},"end":{"line":132,"column":7}},"72":{"start":{"line":131,"column":8},"end":{"line":131,"column":31}},"73":{"start":{"line":134,"column":6},"end":{"line":136,"column":7}},"74":{"start":{"line":135,"column":8},"end":{"line":135,"column":21}},"75":{"start":{"line":138,"column":6},"end":{"line":147,"column":7}},"76":{"start":{"line":139,"column":8},"end":{"line":139,"column":32}},"77":{"start":{"line":141,"column":8},"end":{"line":146,"column":9}},"78":{"start":{"line":143,"column":10},"end":{"line":143,"column":23}},"79":{"start":{"line":145,"column":10},"end":{"line":145,"column":23}},"80":{"start":{"line":149,"column":6},"end":{"line":149,"column":18}},"81":{"start":{"line":152,"column":4},"end":{"line":154,"column":6}},"82":{"start":{"line":153,"column":6},"end":{"line":153,"column":41}},"83":{"start":{"line":156,"column":4},"end":{"line":158,"column":6}},"84":{"start":{"line":157,"column":6},"end":{"line":157,"column":49}},"85":{"start":{"line":160,"column":4},"end":{"line":168,"column":6}},"86":{"start":{"line":161,"column":6},"end":{"line":161,"column":42}},"87":{"start":{"line":162,"column":6},"end":{"line":162,"column":16}},"88":{"start":{"line":163,"column":6},"end":{"line":166,"column":7}},"89":{"start":{"line":164,"column":8},"end":{"line":164,"column":17}},"90":{"start":{"line":165,"column":8},"end":{"line":165,"column":39}},"91":{"start":{"line":167,"column":6},"end":{"line":167,"column":31}},"92":{"start":{"line":170,"column":4},"end":{"line":200,"column":6}},"93":{"start":{"line":171,"column":6},"end":{"line":173,"column":7}},"94":{"start":{"line":172,"column":8},"end":{"line":172,"column":22}},"95":{"start":{"line":174,"column":6},"end":{"line":176,"column":7}},"96":{"start":{"line":175,"column":8},"end":{"line":175,"column":22}},"97":{"start":{"line":178,"column":6},"end":{"line":178,"column":19}},"98":{"start":{"line":179,"column":6},"end":{"line":181,"column":7}},"99":{"start":{"line":180,"column":8},"end":{"line":180,"column":22}},"100":{"start":{"line":183,"column":6},"end":{"line":199,"column":7}},"101":{"start":{"line":184,"column":8},"end":{"line":184,"column":45}},"102":{"start":{"line":185,"column":13},"end":{"line":199,"column":7}},"103":{"start":{"line":186,"column":8},"end":{"line":186,"column":48}},"104":{"start":{"line":187,"column":13},"end":{"line":199,"column":7}},"105":{"start":{"line":188,"column":8},"end":{"line":188,"column":44}},"106":{"start":{"line":189,"column":13},"end":{"line":199,"column":7}},"107":{"start":{"line":190,"column":8},"end":{"line":190,"column":25}},"108":{"start":{"line":191,"column":13},"end":{"line":199,"column":7}},"109":{"start":{"line":192,"column":8},"end":{"line":196,"column":9}},"110":{"start":{"line":193,"column":10},"end":{"line":195,"column":11}},"111":{"start":{"line":194,"column":12},"end":{"line":194,"column":28}},"112":{"start":{"line":198,"column":8},"end":{"line":198,"column":47}},"113":{"start":{"line":202,"column":4},"end":{"line":210,"column":6}},"114":{"start":{"line":203,"column":6},"end":{"line":203,"column":42}},"115":{"start":{"line":204,"column":6},"end":{"line":207,"column":7}},"116":{"start":{"line":205,"column":8},"end":{"line":205,"column":17}},"117":{"start":{"line":206,"column":8},"end":{"line":206,"column":39}},"118":{"start":{"line":209,"column":6},"end":{"line":209,"column":68}},"119":{"start":{"line":212,"column":4},"end":{"line":222,"column":6}},"120":{"start":{"line":213,"column":6},"end":{"line":213,"column":16}},"121":{"start":{"line":215,"column":6},"end":{"line":219,"column":7}},"122":{"start":{"line":216,"column":8},"end":{"line":218,"column":9}},"123":{"start":{"line":217,"column":10},"end":{"line":217,"column":23}},"124":{"start":{"line":221,"column":6},"end":{"line":221,"column":26}},"125":{"start":{"line":224,"column":4},"end":{"line":249,"column":6}},"126":{"start":{"line":225,"column":6},"end":{"line":227,"column":7}},"127":{"start":{"line":226,"column":8},"end":{"line":226,"column":22}},"128":{"start":{"line":228,"column":6},"end":{"line":230,"column":7}},"129":{"start":{"line":229,"column":8},"end":{"line":229,"column":19}},"130":{"start":{"line":231,"column":6},"end":{"line":233,"column":7}},"131":{"start":{"line":232,"column":8},"end":{"line":232,"column":28}},"132":{"start":{"line":234,"column":6},"end":{"line":236,"column":7}},"133":{"start":{"line":235,"column":8},"end":{"line":235,"column":66}},"134":{"start":{"line":238,"column":6},"end":{"line":238,"column":40}},"135":{"start":{"line":239,"column":6},"end":{"line":239,"column":56}},"136":{"start":{"line":240,"column":6},"end":{"line":242,"column":7}},"137":{"start":{"line":241,"column":8},"end":{"line":241,"column":28}},"138":{"start":{"line":244,"column":6},"end":{"line":246,"column":7}},"139":{"start":{"line":245,"column":8},"end":{"line":245,"column":23}},"140":{"start":{"line":248,"column":6},"end":{"line":248,"column":75}},"141":{"start":{"line":251,"column":4},"end":{"line":283,"column":5}},"142":{"start":{"line":252,"column":6},"end":{"line":254,"column":7}},"143":{"start":{"line":253,"column":8},"end":{"line":253,"column":22}},"144":{"start":{"line":256,"column":6},"end":{"line":258,"column":7}},"145":{"start":{"line":257,"column":8},"end":{"line":257,"column":19}},"146":{"start":{"line":260,"column":6},"end":{"line":262,"column":7}},"147":{"start":{"line":261,"column":8},"end":{"line":261,"column":19}},"148":{"start":{"line":263,"column":6},"end":{"line":265,"column":7}},"149":{"start":{"line":264,"column":8},"end":{"line":264,"column":52}},"150":{"start":{"line":267,"column":6},"end":{"line":267,"column":40}},"151":{"start":{"line":268,"column":6},"end":{"line":270,"column":7}},"152":{"start":{"line":269,"column":8},"end":{"line":269,"column":19}},"153":{"start":{"line":272,"column":6},"end":{"line":280,"column":7}},"154":{"start":{"line":273,"column":8},"end":{"line":277,"column":9}},"155":{"start":{"line":274,"column":10},"end":{"line":274,"column":37}},"156":{"start":{"line":276,"column":10},"end":{"line":276,"column":34}},"157":{"start":{"line":279,"column":8},"end":{"line":279,"column":63}},"158":{"start":{"line":282,"column":6},"end":{"line":282,"column":17}},"159":{"start":{"line":285,"column":4},"end":{"line":285,"column":22}},"160":{"start":{"line":288,"column":2},"end":{"line":288,"column":22}},"161":{"start":{"line":289,"column":2},"end":{"line":289,"column":23}},"162":{"start":{"line":290,"column":2},"end":{"line":290,"column":65}},"163":{"start":{"line":291,"column":2},"end":{"line":291,"column":13}}},"branchMap":{"1":{"line":5,"type":"if","locations":[{"start":{"line":5,"column":2},"end":{"line":5,"column":2},"skip":true},{"start":{"line":5,"column":2},"end":{"line":5,"column":2},"skip":true}]},"2":{"line":5,"type":"binary-expr","locations":[{"start":{"line":5,"column":6},"end":{"line":5,"column":32},"skip":true},{"start":{"line":5,"column":36},"end":{"line":5,"column":70},"skip":true}]},"3":{"line":7,"type":"if","locations":[{"start":{"line":7,"column":9},"end":{"line":7,"column":9},"skip":true},{"start":{"line":7,"column":9},"end":{"line":7,"column":9},"skip":true}]},"4":{"line":7,"type":"binary-expr","locations":[{"start":{"line":7,"column":13},"end":{"line":7,"column":41},"skip":true},{"start":{"line":7,"column":45},"end":{"line":7,"column":55},"skip":true}]},"5":{"line":19,"type":"if","locations":[{"start":{"line":19,"column":4},"end":{"line":19,"column":4}},{"start":{"line":19,"column":4},"end":{"line":19,"column":4}}]},"6":{"line":27,"type":"if","locations":[{"start":{"line":27,"column":4},"end":{"line":27,"column":4}},{"start":{"line":27,"column":4},"end":{"line":27,"column":4}}]},"7":{"line":30,"type":"if","locations":[{"start":{"line":30,"column":4},"end":{"line":30,"column":4}},{"start":{"line":30,"column":4},"end":{"line":30,"column":4}}]},"8":{"line":30,"type":"binary-expr","locations":[{"start":{"line":30,"column":8},"end":{"line":30,"column":22}},{"start":{"line":30,"column":26},"end":{"line":30,"column":44}}]},"9":{"line":32,"type":"if","locations":[{"start":{"line":32,"column":11},"end":{"line":32,"column":11}},{"start":{"line":32,"column":11},"end":{"line":32,"column":11}}]},"10":{"line":34,"type":"if","locations":[{"start":{"line":34,"column":12},"end":{"line":34,"column":12}},{"start":{"line":34,"column":12},"end":{"line":34,"column":12}}]},"11":{"line":48,"type":"binary-expr","locations":[{"start":{"line":48,"column":11},"end":{"line":48,"column":34}},{"start":{"line":48,"column":38},"end":{"line":48,"column":73}}]},"12":{"line":51,"type":"binary-expr","locations":[{"start":{"line":51,"column":16},"end":{"line":51,"column":29}},{"start":{"line":51,"column":33},"end":{"line":54,"column":3}}]},"13":{"line":57,"type":"binary-expr","locations":[{"start":{"line":57,"column":11},"end":{"line":57,"column":35}},{"start":{"line":57,"column":39},"end":{"line":57,"column":75}}]},"14":{"line":62,"type":"if","locations":[{"start":{"line":62,"column":4},"end":{"line":62,"column":4}},{"start":{"line":62,"column":4},"end":{"line":62,"column":4}}]},"15":{"line":69,"type":"binary-expr","locations":[{"start":{"line":69,"column":14},"end":{"line":69,"column":21}},{"start":{"line":69,"column":25},"end":{"line":69,"column":27}}]},"16":{"line":73,"type":"if","locations":[{"start":{"line":73,"column":8},"end":{"line":73,"column":8}},{"start":{"line":73,"column":8},"end":{"line":73,"column":8}}]},"17":{"line":78,"type":"if","locations":[{"start":{"line":78,"column":8},"end":{"line":78,"column":8}},{"start":{"line":78,"column":8},"end":{"line":78,"column":8},"skip":true}]},"18":{"line":87,"type":"binary-expr","locations":[{"start":{"line":87,"column":14},"end":{"line":87,"column":43}},{"start":{"line":87,"column":48},"end":{"line":87,"column":72}},{"start":{"line":87,"column":76},"end":{"line":87,"column":94}},{"start":{"line":87,"column":99},"end":{"line":87,"column":124}}]},"19":{"line":91,"type":"if","locations":[{"start":{"line":91,"column":6},"end":{"line":91,"column":6}},{"start":{"line":91,"column":6},"end":{"line":91,"column":6}}]},"20":{"line":97,"type":"if","locations":[{"start":{"line":97,"column":6},"end":{"line":97,"column":6}},{"start":{"line":97,"column":6},"end":{"line":97,"column":6}}]},"21":{"line":100,"type":"if","locations":[{"start":{"line":100,"column":6},"end":{"line":100,"column":6}},{"start":{"line":100,"column":6},"end":{"line":100,"column":6}}]},"22":{"line":100,"type":"binary-expr","locations":[{"start":{"line":100,"column":10},"end":{"line":100,"column":15}},{"start":{"line":100,"column":19},"end":{"line":100,"column":36}}]},"23":{"line":103,"type":"if","locations":[{"start":{"line":103,"column":6},"end":{"line":103,"column":6}},{"start":{"line":103,"column":6},"end":{"line":103,"column":6}}]},"24":{"line":108,"type":"if","locations":[{"start":{"line":108,"column":6},"end":{"line":108,"column":6}},{"start":{"line":108,"column":6},"end":{"line":108,"column":6}}]},"25":{"line":109,"type":"if","locations":[{"start":{"line":109,"column":8},"end":{"line":109,"column":8}},{"start":{"line":109,"column":8},"end":{"line":109,"column":8}}]},"26":{"line":109,"type":"binary-expr","locations":[{"start":{"line":109,"column":12},"end":{"line":109,"column":35}},{"start":{"line":109,"column":39},"end":{"line":109,"column":52}}]},"27":{"line":115,"type":"if","locations":[{"start":{"line":115,"column":6},"end":{"line":115,"column":6}},{"start":{"line":115,"column":6},"end":{"line":115,"column":6}}]},"28":{"line":117,"type":"if","locations":[{"start":{"line":117,"column":8},"end":{"line":117,"column":8}},{"start":{"line":117,"column":8},"end":{"line":117,"column":8}}]},"29":{"line":128,"type":"if","locations":[{"start":{"line":128,"column":6},"end":{"line":128,"column":6}},{"start":{"line":128,"column":6},"end":{"line":128,"column":6}}]},"30":{"line":130,"type":"if","locations":[{"start":{"line":130,"column":13},"end":{"line":130,"column":13}},{"start":{"line":130,"column":13},"end":{"line":130,"column":13}}]},"31":{"line":134,"type":"if","locations":[{"start":{"line":134,"column":6},"end":{"line":134,"column":6}},{"start":{"line":134,"column":6},"end":{"line":134,"column":6}}]},"32":{"line":134,"type":"binary-expr","locations":[{"start":{"line":134,"column":10},"end":{"line":134,"column":15}},{"start":{"line":134,"column":19},"end":{"line":134,"column":36}}]},"33":{"line":141,"type":"if","locations":[{"start":{"line":141,"column":8},"end":{"line":141,"column":8}},{"start":{"line":141,"column":8},"end":{"line":141,"column":8}}]},"34":{"line":141,"type":"binary-expr","locations":[{"start":{"line":141,"column":12},"end":{"line":141,"column":33}},{"start":{"line":141,"column":37},"end":{"line":141,"column":49}},{"start":{"line":141,"column":53},"end":{"line":141,"column":67}},{"start":{"line":142,"column":11},"end":{"line":142,"column":86}}]},"35":{"line":142,"type":"cond-expr","locations":[{"start":{"line":142,"column":44},"end":{"line":142,"column":60}},{"start":{"line":142,"column":64},"end":{"line":142,"column":86}}]},"36":{"line":163,"type":"if","locations":[{"start":{"line":163,"column":6},"end":{"line":163,"column":6}},{"start":{"line":163,"column":6},"end":{"line":163,"column":6}}]},"37":{"line":171,"type":"if","locations":[{"start":{"line":171,"column":6},"end":{"line":171,"column":6}},{"start":{"line":171,"column":6},"end":{"line":171,"column":6}}]},"38":{"line":174,"type":"if","locations":[{"start":{"line":174,"column":6},"end":{"line":174,"column":6}},{"start":{"line":174,"column":6},"end":{"line":174,"column":6}}]},"39":{"line":179,"type":"if","locations":[{"start":{"line":179,"column":6},"end":{"line":179,"column":6}},{"start":{"line":179,"column":6},"end":{"line":179,"column":6}}]},"40":{"line":183,"type":"if","locations":[{"start":{"line":183,"column":6},"end":{"line":183,"column":6}},{"start":{"line":183,"column":6},"end":{"line":183,"column":6}}]},"41":{"line":185,"type":"if","locations":[{"start":{"line":185,"column":13},"end":{"line":185,"column":13}},{"start":{"line":185,"column":13},"end":{"line":185,"column":13}}]},"42":{"line":187,"type":"if","locations":[{"start":{"line":187,"column":13},"end":{"line":187,"column":13}},{"start":{"line":187,"column":13},"end":{"line":187,"column":13}}]},"43":{"line":189,"type":"if","locations":[{"start":{"line":189,"column":13},"end":{"line":189,"column":13}},{"start":{"line":189,"column":13},"end":{"line":189,"column":13}}]},"44":{"line":191,"type":"if","locations":[{"start":{"line":191,"column":13},"end":{"line":191,"column":13}},{"start":{"line":191,"column":13},"end":{"line":191,"column":13}}]},"45":{"line":193,"type":"if","locations":[{"start":{"line":193,"column":10},"end":{"line":193,"column":10}},{"start":{"line":193,"column":10},"end":{"line":193,"column":10}}]},"46":{"line":204,"type":"if","locations":[{"start":{"line":204,"column":6},"end":{"line":204,"column":6}},{"start":{"line":204,"column":6},"end":{"line":204,"column":6}}]},"47":{"line":216,"type":"if","locations":[{"start":{"line":216,"column":8},"end":{"line":216,"column":8}},{"start":{"line":216,"column":8},"end":{"line":216,"column":8}}]},"48":{"line":225,"type":"if","locations":[{"start":{"line":225,"column":6},"end":{"line":225,"column":6}},{"start":{"line":225,"column":6},"end":{"line":225,"column":6}}]},"49":{"line":228,"type":"if","locations":[{"start":{"line":228,"column":6},"end":{"line":228,"column":6}},{"start":{"line":228,"column":6},"end":{"line":228,"column":6}}]},"50":{"line":228,"type":"binary-expr","locations":[{"start":{"line":228,"column":10},"end":{"line":228,"column":15}},{"start":{"line":228,"column":19},"end":{"line":228,"column":36}}]},"51":{"line":231,"type":"if","locations":[{"start":{"line":231,"column":6},"end":{"line":231,"column":6}},{"start":{"line":231,"column":6},"end":{"line":231,"column":6}}]},"52":{"line":234,"type":"if","locations":[{"start":{"line":234,"column":6},"end":{"line":234,"column":6}},{"start":{"line":234,"column":6},"end":{"line":234,"column":6}}]},"53":{"line":240,"type":"if","locations":[{"start":{"line":240,"column":6},"end":{"line":240,"column":6}},{"start":{"line":240,"column":6},"end":{"line":240,"column":6}}]},"54":{"line":244,"type":"if","locations":[{"start":{"line":244,"column":6},"end":{"line":244,"column":6}},{"start":{"line":244,"column":6},"end":{"line":244,"column":6}}]},"55":{"line":252,"type":"if","locations":[{"start":{"line":252,"column":6},"end":{"line":252,"column":6}},{"start":{"line":252,"column":6},"end":{"line":252,"column":6}}]},"56":{"line":256,"type":"if","locations":[{"start":{"line":256,"column":6},"end":{"line":256,"column":6}},{"start":{"line":256,"column":6},"end":{"line":256,"column":6}}]},"57":{"line":260,"type":"if","locations":[{"start":{"line":260,"column":6},"end":{"line":260,"column":6}},{"start":{"line":260,"column":6},"end":{"line":260,"column":6}}]},"58":{"line":263,"type":"if","locations":[{"start":{"line":263,"column":6},"end":{"line":263,"column":6}},{"start":{"line":263,"column":6},"end":{"line":263,"column":6}}]},"59":{"line":268,"type":"if","locations":[{"start":{"line":268,"column":6},"end":{"line":268,"column":6}},{"start":{"line":268,"column":6},"end":{"line":268,"column":6}}]},"60":{"line":272,"type":"if","locations":[{"start":{"line":272,"column":6},"end":{"line":272,"column":6}},{"start":{"line":272,"column":6},"end":{"line":272,"column":6}}]},"61":{"line":273,"type":"if","locations":[{"start":{"line":273,"column":8},"end":{"line":273,"column":8}},{"start":{"line":273,"column":8},"end":{"line":273,"column":8}}]}},"code":["(function (root, factory){","  'use strict';","","  /*istanbul ignore next:cant test*/","  if (typeof module === 'object' && typeof module.exports === 'object') {","    module.exports = factory();","  } else if (typeof define === 'function' && define.amd) {","    // AMD. Register as an anonymous module.","    define([], factory);","  } else {","    // Browser globals","    root.objectPath = factory();","  }","})(this, function(){","  'use strict';","","  var toStr = Object.prototype.toString;","  function hasOwnProperty(obj, prop) {","    if(obj == null) {","      return false","    }","    //to handle objects with null prototypes (too edge case?)","    return Object.prototype.hasOwnProperty.call(obj, prop)","  }","","  function isEmpty(value){","    if (!value) {","      return true;","    }","    if (isArray(value) && value.length === 0) {","        return true;","    } else if (typeof value !== 'string') {","        for (var i in value) {","            if (hasOwnProperty(value, i)) {","                return false;","            }","        }","        return true;","    }","    return false;","  }","","  function toString(type){","    return toStr.call(type);","  }","","  function isObject(obj){","    return typeof obj === 'object' && toString(obj) === \"[object Object]\";","  }","","  var isArray = Array.isArray || function(obj){","    /*istanbul ignore next:cant test*/","    return toStr.call(obj) === '[object Array]';","  }","","  function isBoolean(obj){","    return typeof obj === 'boolean' || toString(obj) === '[object Boolean]';","  }","","  function getKey(key){","    var intKey = parseInt(key);","    if (intKey.toString() === key) {","      return intKey;","    }","    return key;","  }","","  function factory(options) {","    options = options || {}","","    var objectPath = function(obj) {","      return Object.keys(objectPath).reduce(function(proxy, prop) {","        if(prop === 'create') {","          return proxy;","        }","","        /*istanbul ignore else*/","        if (typeof objectPath[prop] === 'function') {","          proxy[prop] = objectPath[prop].bind(objectPath, obj);","        }","","        return proxy;","      }, {});","    };","","    function hasShallowProperty(obj, prop) {","      return (options.includeInheritedProps || (typeof prop === 'number' && Array.isArray(obj)) || hasOwnProperty(obj, prop))","    }","","    function getShallowProperty(obj, prop) {","      if (hasShallowProperty(obj, prop)) {","        return obj[prop];","      }","    }","","    function set(obj, path, value, doNotReplace){","      if (typeof path === 'number') {","        path = [path];","      }","      if (!path || path.length === 0) {","        return obj;","      }","      if (typeof path === 'string') {","        return set(obj, path.split('.').map(getKey), value, doNotReplace);","      }","      var currentPath = path[0];","      var currentValue = getShallowProperty(obj, currentPath);","      if (path.length === 1) {","        if (currentValue === void 0 || !doNotReplace) {","          obj[currentPath] = value;","        }","        return currentValue;","      }","","      if (currentValue === void 0) {","        //check if we assume an array","        if(typeof path[1] === 'number') {","          obj[currentPath] = [];","        } else {","          obj[currentPath] = {};","        }","      }","","      return set(obj[currentPath], path.slice(1), value, doNotReplace);","    }","","    objectPath.has = function (obj, path) {","      if (typeof path === 'number') {","        path = [path];","      } else if (typeof path === 'string') {","        path = path.split('.');","      }","","      if (!path || path.length === 0) {","        return !!obj;","      }","","      for (var i = 0; i < path.length; i++) {","        var j = getKey(path[i]);","","        if((typeof j === 'number' && isArray(obj) && j < obj.length) ||","          (options.includeInheritedProps ? (j in Object(obj)) : hasOwnProperty(obj, j))) {","          obj = obj[j];","        } else {","          return false;","        }","      }","","      return true;","    };","","    objectPath.ensureExists = function (obj, path, value){","      return set(obj, path, value, true);","    };","","    objectPath.set = function (obj, path, value, doNotReplace){","      return set(obj, path, value, doNotReplace);","    };","","    objectPath.insert = function (obj, path, value, at){","      var arr = objectPath.get(obj, path);","      at = ~~at;","      if (!isArray(arr)) {","        arr = [];","        objectPath.set(obj, path, arr);","      }","      arr.splice(at, 0, value);","    };","","    objectPath.empty = function(obj, path) {","      if (isEmpty(path)) {","        return void 0;","      }","      if (obj == null) {","        return void 0;","      }","","      var value, i;","      if (!(value = objectPath.get(obj, path))) {","        return void 0;","      }","","      if (typeof value === 'string') {","        return objectPath.set(obj, path, '');","      } else if (isBoolean(value)) {","        return objectPath.set(obj, path, false);","      } else if (typeof value === 'number') {","        return objectPath.set(obj, path, 0);","      } else if (isArray(value)) {","        value.length = 0;","      } else if (isObject(value)) {","        for (i in value) {","          if (hasShallowProperty(value, i)) {","            delete value[i];","          }","        }","      } else {","        return objectPath.set(obj, path, null);","      }","    };","","    objectPath.push = function (obj, path /*, values */){","      var arr = objectPath.get(obj, path);","      if (!isArray(arr)) {","        arr = [];","        objectPath.set(obj, path, arr);","      }","","      arr.push.apply(arr, Array.prototype.slice.call(arguments, 2));","    };","","    objectPath.coalesce = function (obj, paths, defaultValue) {","      var value;","","      for (var i = 0, len = paths.length; i < len; i++) {","        if ((value = objectPath.get(obj, paths[i])) !== void 0) {","          return value;","        }","      }","","      return defaultValue;","    };","","    objectPath.get = function (obj, path, defaultValue){","      if (typeof path === 'number') {","        path = [path];","      }","      if (!path || path.length === 0) {","        return obj;","      }","      if (obj == null) {","        return defaultValue;","      }","      if (typeof path === 'string') {","        return objectPath.get(obj, path.split('.'), defaultValue);","      }","","      var currentPath = getKey(path[0]);","      var nextObj = getShallowProperty(obj, currentPath)","      if (nextObj === void 0) {","        return defaultValue;","      }","","      if (path.length === 1) {","        return nextObj;","      }","","      return objectPath.get(obj[currentPath], path.slice(1), defaultValue);","    };","","    objectPath.del = function del(obj, path) {","      if (typeof path === 'number') {","        path = [path];","      }","","      if (obj == null) {","        return obj;","      }","","      if (isEmpty(path)) {","        return obj;","      }","      if(typeof path === 'string') {","        return objectPath.del(obj, path.split('.'));","      }","","      var currentPath = getKey(path[0]);","      if (!hasShallowProperty(obj, currentPath)) {","        return obj;","      }","","      if(path.length === 1) {","        if (isArray(obj)) {","          obj.splice(currentPath, 1);","        } else {","          delete obj[currentPath];","        }","      } else {","        return objectPath.del(obj[currentPath], path.slice(1));","      }","","      return obj;","    }","","    return objectPath;","  }","","  var mod = factory();","  mod.create = factory;","  mod.withInheritedProps = factory({includeInheritedProps: true})","  return mod;","});",""],"l":{"1":1,"5":1,"6":1,"7":1,"9":1,"12":1,"17":1,"18":1,"19":0,"20":0,"23":0,"26":1,"27":0,"28":0,"30":0,"31":0,"32":0,"33":0,"34":0,"35":0,"38":0,"40":0,"43":1,"44":0,"47":1,"48":0,"51":1,"53":1,"56":1,"57":0,"60":1,"61":0,"62":0,"63":0,"65":0,"68":1,"69":2,"71":2,"72":0,"73":0,"74":0,"78":0,"79":0,"82":0,"86":1,"87":0,"90":1,"91":0,"92":0,"96":1,"97":0,"98":0,"100":0,"101":0,"103":0,"104":0,"106":0,"107":0,"108":0,"109":0,"110":0,"112":0,"115":0,"117":0,"118":0,"120":0,"124":0,"127":2,"128":0,"129":0,"130":0,"131":0,"134":0,"135":0,"138":0,"139":0,"141":0,"143":0,"145":0,"149":0,"152":2,"153":0,"156":2,"157":0,"160":2,"161":0,"162":0,"163":0,"164":0,"165":0,"167":0,"170":2,"171":0,"172":0,"174":0,"175":0,"178":0,"179":0,"180":0,"183":0,"184":0,"185":0,"186":0,"187":0,"188":0,"189":0,"190":0,"191":0,"192":0,"193":0,"194":0,"198":0,"202":2,"203":0,"204":0,"205":0,"206":0,"209":0,"212":2,"213":0,"215":0,"216":0,"217":0,"221":0,"224":2,"225":0,"226":0,"228":0,"229":0,"231":0,"232":0,"234":0,"235":0,"238":0,"239":0,"240":0,"241":0,"244":0,"245":0,"248":0,"251":2,"252":0,"253":0,"256":0,"257":0,"260":0,"261":0,"263":0,"264":0,"267":0,"268":0,"269":0,"272":0,"273":0,"274":0,"276":0,"279":0,"282":0,"285":2,"288":1,"289":1,"290":1,"291":1}},"/home/travis/build/npmtest/node-npmtest-object-path/node_modules/object-path/benchmark.js":{"path":"/home/travis/build/npmtest/node-npmtest-object-path/node_modules/object-path/benchmark.js","s":{"1":2,"2":0,"3":0,"4":0,"5":0,"6":0,"7":0,"8":0,"9":0,"10":0,"11":0,"12":0},"b":{},"f":{"1":0,"2":0,"3":0,"4":0,"5":0,"6":0},"fnMap":{"1":{"name":"(anonymous_1)","line":21,"loc":{"start":{"line":21,"column":8},"end":{"line":21,"column":19}}},"2":{"name":"(anonymous_2)","line":27,"loc":{"start":{"line":27,"column":8},"end":{"line":27,"column":19}}},"3":{"name":"(anonymous_3)","line":33,"loc":{"start":{"line":33,"column":8},"end":{"line":33,"column":19}}},"4":{"name":"(anonymous_4)","line":39,"loc":{"start":{"line":39,"column":8},"end":{"line":39,"column":19}}},"5":{"name":"(anonymous_5)","line":42,"loc":{"start":{"line":42,"column":16},"end":{"line":42,"column":27}}},"6":{"name":"(anonymous_6)","line":48,"loc":{"start":{"line":48,"column":8},"end":{"line":48,"column":19}}}},"statementMap":{"1":{"start":{"line":1,"column":0},"end":{"line":1,"column":53}},"2":{"start":{"line":2,"column":0},"end":{"line":2,"column":32}},"3":{"start":{"line":3,"column":0},"end":{"line":3,"column":22}},"4":{"start":{"line":5,"column":0},"end":{"line":14,"column":1}},"5":{"start":{"line":16,"column":0},"end":{"line":16,"column":12}},"6":{"start":{"line":18,"column":0},"end":{"line":52,"column":8}},"7":{"start":{"line":22,"column":6},"end":{"line":22,"column":71}},"8":{"start":{"line":28,"column":6},"end":{"line":28,"column":35}},"9":{"start":{"line":34,"column":6},"end":{"line":34,"column":91}},"10":{"start":{"line":40,"column":6},"end":{"line":40,"column":91}},"11":{"start":{"line":43,"column":6},"end":{"line":43,"column":19}},"12":{"start":{"line":49,"column":6},"end":{"line":49,"column":90}}},"branchMap":{},"code":["var Benchpress = require('@mariocasciaro/benchpress')","var benchmark = new Benchpress()","var op = require('./')","","var testObj = {","  level1_a: {","    level2_a: {","      level3_a: {","        level4_a: {","        }","      }","    }","  }","}","","var testObj2","","benchmark","  .add('get existing', {","    iterations: 100000,","    fn: function() {","      op.get(testObj, ['level1_a', 'level2_a', 'level3_a', 'level4_a'])","    }","  })","  .add('get non-existing', {","    iterations: 100000,","    fn: function() {","      op.get(testObj, ['level5_a'])","    }","  })","  .add('push', {","    iterations: 100000,","    fn: function() {","      op.push(testObj, ['level1_a', 'level2_a', 'level3_a', 'level4_a', 'level5_a'], 'val')","    }","  })","  .add('set non existing', {","    iterations: 100000,","    fn: function() {","      op.set(testObj2, ['level1_a', 'level2_b', 'level3_b', 'level4_b', 'level5_b'], 'val')","    },","    beforeEach: function() {","      testObj2 = {}","    }","  })","  .add('set existing', {","    iterations: 100000,","    fn: function() {","      op.set(testObj, ['level1_a', 'level2_a', 'level3_a', 'level4_a', 'level5_b'], 'val')","    }","  })","  .run()",""],"l":{"1":2,"2":0,"3":0,"5":0,"16":0,"18":0,"22":0,"28":0,"34":0,"40":0,"43":0,"49":0}}}